{"meta": {"format": 3, "version": "7.15.4", "timestamp": "2026-08-17T13:40:07.816913", "branch_coverage": true, "show_contexts": false}, "files": {"chunking\\main.py": {"executed_lines": [3, 4, 5, 6, 7, 9, 10, 16, 17, 19, 21, 22, 25, 42, 43, 44, 53, 56, 86, 87, 90, 91, 92, 93, 94, 97, 98, 99, 102, 103, 104, 110, 111, 112, 113, 116, 118, 119, 120, 121, 122, 124, 125, 131, 132, 134, 136, 137, 140, 141, 142, 144, 164, 165, 167, 168, 170, 173, 175, 180, 181, 186, 191, 197, 203, 209, 212, 213, 227, 228, 229, 231], "summary": {"covered_lines": 72, "num_statements": 82, "percent_covered": 83.65384615384616, "percent_covered_display": "84", "missing_lines": 10, "excluded_lines": 2, "percent_statements_covered": 87.8048780487805, "percent_statements_covered_display": "88", "num_branches": 22, "num_partial_branches": 3, "covered_branches": 15, "missing_branches": 7, "percent_branches_covered": 68.18181818181819, "percent_branches_covered_display": "68"}, "missing_lines": [107, 123, 214, 215, 216, 217, 222, 223, 224, 225], "excluded_lines": [240, 241], "executed_branches": [[43, 44], [43, 53], [92, 93], [92, 94], [102, 103], [102, 110], [103, 104], [120, 121], [120, 134], [122, 124], [136, 137], [136, 140], [213, 227], [228, 229], [228, 231]], "missing_branches": [[103, 107], [122, 123], [213, 214], [215, 216], [215, 217], [222, 223], [222, 224]], "functions": {"build_chunk_records": {"executed_lines": [42, 43, 44, 53], "summary": {"covered_lines": 4, "num_statements": 4, "percent_covered": 100.0, "percent_covered_display": "100", "missing_lines": 0, "excluded_lines": 0, "percent_statements_covered": 100.0, "percent_statements_covered_display": "100", "num_branches": 2, "num_partial_branches": 0, "covered_branches": 2, "missing_branches": 0, "percent_branches_covered": 100.0, "percent_branches_covered_display": "100"}, "missing_lines": [], "excluded_lines": [], "start_line": 25, "executed_branches": [[43, 44], [43, 53]], "missing_branches": []}, "process_file": {"executed_lines": [86, 87, 90, 91, 92, 93, 94, 97, 98, 99, 102, 103, 104, 110, 111, 112, 113, 116, 118, 119, 120, 121, 122, 124, 125, 131, 132, 134, 136, 137, 140, 141, 142, 144, 164, 165, 167, 168, 170], "summary": {"covered_lines": 39, "num_statements": 41, "percent_covered": 92.45283018867924, "percent_covered_display": "92", "missing_lines": 2, "excluded_lines": 0, "percent_statements_covered": 95.1219512195122, "percent_statements_covered_display": "95", "num_branches": 12, "num_partial_branches": 2, "covered_branches": 10, "missing_branches": 2, "percent_branches_covered": 83.33333333333333, "percent_branches_covered_display": "83"}, "missing_lines": [107, 123], "excluded_lines": [], "start_line": 56, "executed_branches": [[92, 93], [92, 94], [102, 103], [102, 110], [103, 104], [120, 121], [120, 134], [122, 124], [136, 137], [136, 140]], "missing_branches": [[103, 107], [122, 123]]}, "main": {"executed_lines": [175, 180, 181, 186, 191, 197, 203, 209, 212, 213, 227, 228, 229, 231], "summary": {"covered_lines": 14, "num_statements": 22, "percent_covered": 56.666666666666664, "percent_covered_display": "57", "missing_lines": 8, "excluded_lines": 0, "percent_statements_covered": 63.63636363636363, "percent_statements_covered_display": "64", "num_branches": 8, "num_partial_branches": 1, "covered_branches": 3, "missing_branches": 5, "percent_branches_covered": 37.5, "percent_branches_covered_display": "38"}, "missing_lines": [214, 215, 216, 217, 222, 223, 224, 225], "excluded_lines": [], "start_line": 173, "executed_branches": [[213, 227], [228, 229], [228, 231]], "missing_branches": [[213, 214], [215, 216], [215, 217], [222, 223], [222, 224]]}, "": {"executed_lines": [3, 4, 5, 6, 7, 9, 10, 16, 17, 19, 21, 22, 25, 56, 173], "summary": {"covered_lines": 15, "num_statements": 15, "percent_covered": 100.0, "percent_covered_display": "100", "missing_lines": 0, "excluded_lines": 2, "percent_statements_covered": 100.0, "percent_statements_covered_display": "100", "num_branches": 0, "num_partial_branches": 0, "covered_branches": 0, "missing_branches": 0, "percent_branches_covered": 100.0, "percent_branches_covered_display": "100"}, "missing_lines": [], "excluded_lines": [240, 241], "start_line": 1, "executed_branches": [], "missing_branches": []}}, "classes": {"": {"executed_lines": [3, 4, 5, 6, 7, 9, 10, 16, 17, 19, 21, 22, 25, 42, 43, 44, 53, 56, 86, 87, 90, 91, 92, 93, 94, 97, 98, 99, 102, 103, 104, 110, 111, 112, 113, 116, 118, 119, 120, 121, 122, 124, 125, 131, 132, 134, 136, 137, 140, 141, 142, 144, 164, 165, 167, 168, 170, 173, 175, 180, 181, 186, 191, 197, 203, 209, 212, 213, 227, 228, 229, 231], "summary": {"covered_lines": 72, "num_statements": 82, "percent_covered": 83.65384615384616, "percent_covered_display": "84", "missing_lines": 10, "excluded_lines": 2, "percent_statements_covered": 87.8048780487805, "percent_statements_covered_display": "88", "num_branches": 22, "num_partial_branches": 3, "covered_branches": 15, "missing_branches": 7, "percent_branches_covered": 68.18181818181819, "percent_branches_covered_display": "68"}, "missing_lines": [107, 123, 214, 215, 216, 217, 222, 223, 224, 225], "excluded_lines": [240, 241], "start_line": 1, "executed_branches": [[43, 44], [43, 53], [92, 93], [92, 94], [102, 103], [102, 110], [103, 104], [120, 121], [120, 134], [122, 124], [136, 137], [136, 140], [213, 227], [228, 229], [228, 231]], "missing_branches": [[103, 107], [122, 123], [213, 214], [215, 216], [215, 217], [222, 223], [222, 224]]}}}, "chunking\\src\\services\\__init__.py": {"executed_lines": [], "summary": {"covered_lines": 0, "num_statements": 0, "percent_covered": 100.0, "percent_covered_display": "100", "missing_lines": 0, "excluded_lines": 0, "percent_statements_covered": 100.0, "percent_statements_covered_display": "100", "num_branches": 0, "num_partial_branches": 0, "covered_branches": 0, "missing_branches": 0, "percent_branches_covered": 100.0, "percent_branches_covered_display": "100"}, "missing_lines": [], "excluded_lines": [], "executed_branches": [], "missing_branches": [], "functions": {"": {"executed_lines": [], "summary": {"covered_lines": 0, "num_statements": 0, "percent_covered": 100.0, "percent_covered_display": "100", "missing_lines": 0, "excluded_lines": 0, "percent_statements_covered": 100.0, "percent_statements_covered_display": "100", "num_branches": 0, "num_partial_branches": 0, "covered_branches": 0, "missing_branches": 0, "percent_branches_covered": 100.0, "percent_branches_covered_display": "100"}, "missing_lines": [], "excluded_lines": [], "start_line": 1, "executed_branches": [], "missing_branches": []}}, "classes": {"": {"executed_lines": [], "summary": {"covered_lines": 0, "num_statements": 0, "percent_covered": 100.0, "percent_covered_display": "100", "missing_lines": 0, "excluded_lines": 0, "percent_statements_covered": 100.0, "percent_statements_covered_display": "100", "num_branches": 0, "num_partial_branches": 0, "covered_branches": 0, "missing_branches": 0, "percent_branches_covered": 100.0, "percent_branches_covered_display": "100"}, "missing_lines": [], "excluded_lines": [], "start_line": 1, "executed_branches": [], "missing_branches": []}}}, "chunking\\src\\services\\ingestion\\__init__.py": {"executed_lines": [], "summary": {"covered_lines": 0, "num_statements": 0, "percent_covered": 100.0, "percent_covered_display": "100", "missing_lines": 0, "excluded_lines": 0, "percent_statements_covered": 100.0, "percent_statements_covered_display": "100", "num_branches": 0, "num_partial_branches": 0, "covered_branches": 0, "missing_branches": 0, "percent_branches_covered": 100.0, "percent_branches_covered_display": "100"}, "missing_lines": [], "excluded_lines": [], "executed_branches": [], "missing_branches": [], "functions": {"": {"executed_lines": [], "summary": {"covered_lines": 0, "num_statements": 0, "percent_covered": 100.0, "percent_covered_display": "100", "missing_lines": 0, "excluded_lines": 0, "percent_statements_covered": 100.0, "percent_statements_covered_display": "100", "num_branches": 0, "num_partial_branches": 0, "covered_branches": 0, "missing_branches": 0, "percent_branches_covered": 100.0, "percent_branches_covered_display": "100"}, "missing_lines": [], "excluded_lines": [], "start_line": 1, "executed_branches": [], "missing_branches": []}}, "classes": {"": {"executed_lines": [], "summary": {"covered_lines": 0, "num_statements": 0, "percent_covered": 100.0, "percent_covered_display": "100", "missing_lines": 0, "excluded_lines": 0, "percent_statements_covered": 100.0, "percent_statements_covered_display": "100", "num_branches": 0, "num_partial_branches": 0, "covered_branches": 0, "missing_branches": 0, "percent_branches_covered": 100.0, "percent_branches_covered_display": "100"}, "missing_lines": [], "excluded_lines": [], "start_line": 1, "executed_branches": [], "missing_branches": []}}}, "chunking\\src\\services\\ingestion\\chunker.py": {"executed_lines": [182, 183, 186, 196, 205, 225, 231, 232, 233, 234, 235, 237, 241, 242, 243, 244, 245, 246, 247, 248, 249, 251, 252, 253, 254, 258, 260, 262, 264, 265, 266, 268, 269, 271, 272, 273, 275, 276, 278, 279, 281, 282, 283, 284, 285, 286, 288, 292, 293, 295, 299, 300, 302, 304, 305, 306, 307, 310, 312, 316, 318, 321, 323, 324, 325, 328, 333, 334, 336, 337, 338, 339, 341, 342, 350, 352, 356, 358, 361, 362, 364, 365, 374, 375, 377, 379, 380, 381, 383, 385, 389, 399, 400, 403, 406, 413, 416, 419, 422, 426], "summary": {"covered_lines": 100, "num_statements": 116, "percent_covered": 84.48275862068965, "percent_covered_display": "84", "missing_lines": 16, "excluded_lines": 0, "percent_statements_covered": 86.20689655172414, "percent_statements_covered_display": "86", "num_branches": 58, "num_partial_branches": 7, "covered_branches": 47, "missing_branches": 11, "percent_branches_covered": 81.03448275862068, "percent_branches_covered_display": "81"}, "missing_lines": [270, 297, 319, 326, 344, 345, 346, 347, 348, 359, 366, 367, 368, 369, 371, 372], "excluded_lines": [], "executed_branches": [[231, 232], [231, 233], [244, 245], [244, 249], [245, 244], [245, 246], [252, 253], [252, 254], [260, 262], [260, 264], [268, 269], [268, 284], [269, 271], [272, 273], [272, 275], [275, 276], [275, 278], [278, 279], [278, 281], [284, 285], [284, 286], [292, 293], [292, 295], [295, 299], [305, 306], [305, 312], [306, 307], [306, 310], [318, 321], [324, 325], [333, 334], [333, 336], [337, 338], [337, 352], [342, 350], [358, 361], [364, 365], [364, 379], [365, 374], [374, 375], [374, 377], [379, 380], [379, 385], [380, 381], [380, 383], [399, 400], [399, 403]], "missing_branches": [[269, 270], [295, 297], [318, 319], [324, 326], [342, 344], [346, 347], [346, 348], [358, 359], [365, 366], [367, 368], [367, 371]], "functions": {"SmartChunker.__init__": {"executed_lines": [231, 232, 233, 234, 235, 237], "summary": {"covered_lines": 6, "num_statements": 6, "percent_covered": 100.0, "percent_covered_display": "100", "missing_lines": 0, "excluded_lines": 0, "percent_statements_covered": 100.0, "percent_statements_covered_display": "100", "num_branches": 2, "num_partial_branches": 0, "covered_branches": 2, "missing_branches": 0, "percent_branches_covered": 100.0, "percent_branches_covered_display": "100"}, "missing_lines": [], "excluded_lines": [], "start_line": 225, "executed_branches": [[231, 232], [231, 233]], "missing_branches": []}, "SmartChunker._protect_blocks": {"executed_lines": [242, 243, 244, 245, 246, 247, 248, 249], "summary": {"covered_lines": 8, "num_statements": 8, "percent_covered": 100.0, "percent_covered_display": "100", "missing_lines": 0, "excluded_lines": 0, "percent_statements_covered": 100.0, "percent_statements_covered_display": "100", "num_branches": 4, "num_partial_branches": 0, "covered_branches": 4, "missing_branches": 0, "percent_branches_covered": 100.0, "percent_branches_covered_display": "100"}, "missing_lines": [], "excluded_lines": [], "start_line": 241, "executed_branches": [[244, 245], [244, 249], [245, 244], [245, 246]], "missing_branches": []}, "SmartChunker._restore_blocks": {"executed_lines": [252, 253, 254], "summary": {"covered_lines": 3, "num_statements": 3, "percent_covered": 100.0, "percent_covered_display": "100", "missing_lines": 0, "excluded_lines": 0, "percent_statements_covered": 100.0, "percent_statements_covered_display": "100", "num_branches": 2, "num_partial_branches": 0, "covered_branches": 2, "missing_branches": 0, "percent_branches_covered": 100.0, "percent_branches_covered_display": "100"}, "missing_lines": [], "excluded_lines": [], "start_line": 251, "executed_branches": [[252, 253], [252, 254]], "missing_branches": []}, "SmartChunker._split_by_separator": {"executed_lines": [260, 262, 264, 265, 266, 268, 269, 271, 272, 273, 275, 276, 278, 279, 281, 282, 283, 284, 285, 286], "summary": {"covered_lines": 20, "num_statements": 21, "percent_covered": 94.28571428571429, "percent_covered_display": "94", "missing_lines": 1, "excluded_lines": 0, "percent_statements_covered": 95.23809523809524, "percent_statements_covered_display": "95", "num_branches": 14, "num_partial_branches": 1, "covered_branches": 13, "missing_branches": 1, "percent_branches_covered": 92.85714285714286, "percent_branches_covered_display": "93"}, "missing_lines": [270], "excluded_lines": [], "start_line": 258, "executed_branches": [[260, 262], [260, 264], [268, 269], [268, 284], [269, 271], [272, 273], [272, 275], [275, 276], [275, 278], [278, 279], [278, 281], [284, 285], [284, 286]], "missing_branches": [[269, 270]]}, "SmartChunker._recursive_split": {"executed_lines": [292, 293, 295, 299, 300, 302, 304, 305, 306, 307, 310, 312], "summary": {"covered_lines": 12, "num_statements": 13, "percent_covered": 90.47619047619048, "percent_covered_display": "90", "missing_lines": 1, "excluded_lines": 0, "percent_statements_covered": 92.3076923076923, "percent_statements_covered_display": "92", "num_branches": 8, "num_partial_branches": 1, "covered_branches": 7, "missing_branches": 1, "percent_branches_covered": 87.5, "percent_branches_covered_display": "88"}, "missing_lines": [297], "excluded_lines": [], "start_line": 288, "executed_branches": [[292, 293], [292, 295], [295, 299], [305, 306], [305, 312], [306, 307], [306, 310]], "missing_branches": [[295, 297]]}, "SmartChunker._get_overlap": {"executed_lines": [318, 321, 323, 324, 325], "summary": {"covered_lines": 5, "num_statements": 7, "percent_covered": 63.63636363636363, "percent_covered_display": "64", "missing_lines": 2, "excluded_lines": 0, "percent_statements_covered": 71.42857142857143, "percent_statements_covered_display": "71", "num_branches": 4, "num_partial_branches": 2, "covered_branches": 2, "missing_branches": 2, "percent_branches_covered": 50.0, "percent_branches_covered_display": "50"}, "missing_lines": [319, 326], "excluded_lines": [], "start_line": 316, "executed_branches": [[318, 321], [324, 325]], "missing_branches": [[318, 319], [324, 326]]}, "SmartChunker._apply_overlap": {"executed_lines": [333, 334, 336, 337, 338, 339, 341, 342, 350, 352], "summary": {"covered_lines": 10, "num_statements": 15, "percent_covered": 65.21739130434783, "percent_covered_display": "65", "missing_lines": 5, "excluded_lines": 0, "percent_statements_covered": 66.66666666666667, "percent_statements_covered_display": "67", "num_branches": 8, "num_partial_branches": 1, "covered_branches": 5, "missing_branches": 3, "percent_branches_covered": 62.5, "percent_branches_covered_display": "62"}, "missing_lines": [344, 345, 346, 347, 348], "excluded_lines": [], "start_line": 328, "executed_branches": [[333, 334], [333, 336], [337, 338], [337, 352], [342, 350]], "missing_branches": [[342, 344], [346, 347], [346, 348]]}, "SmartChunker._merge_small_chunks": {"executed_lines": [358, 361, 362, 364, 365, 374, 375, 377, 379, 380, 381, 383, 385], "summary": {"covered_lines": 13, "num_statements": 20, "percent_covered": 67.6470588235294, "percent_covered_display": "68", "missing_lines": 7, "excluded_lines": 0, "percent_statements_covered": 65.0, "percent_statements_covered_display": "65", "num_branches": 14, "num_partial_branches": 2, "covered_branches": 10, "missing_branches": 4, "percent_branches_covered": 71.42857142857143, "percent_branches_covered_display": "71"}, "missing_lines": [359, 366, 367, 368, 369, 371, 372], "excluded_lines": [], "start_line": 356, "executed_branches": [[358, 361], [364, 365], [364, 379], [365, 374], [374, 375], [374, 377], [379, 380], [379, 385], [380, 381], [380, 383]], "missing_branches": [[358, 359], [365, 366], [367, 368], [367, 371]]}, "SmartChunker.chunk": {"executed_lines": [399, 400, 403, 406, 413, 416, 419, 422], "summary": {"covered_lines": 8, "num_statements": 8, "percent_covered": 100.0, "percent_covered_display": "100", "missing_lines": 0, "excluded_lines": 0, "percent_statements_covered": 100.0, "percent_statements_covered_display": "100", "num_branches": 2, "num_partial_branches": 0, "covered_branches": 2, "missing_branches": 0, "percent_branches_covered": 100.0, "percent_branches_covered_display": "100"}, "missing_lines": [], "excluded_lines": [], "start_line": 389, "executed_branches": [[399, 400], [399, 403]], "missing_branches": []}, "": {"executed_lines": [182, 183, 186, 196, 205, 225, 241, 251, 258, 288, 316, 328, 356, 389, 426], "summary": {"covered_lines": 15, "num_statements": 15, "percent_covered": 100.0, "percent_covered_display": "100", "missing_lines": 0, "excluded_lines": 0, "percent_statements_covered": 100.0, "percent_statements_covered_display": "100", "num_branches": 0, "num_partial_branches": 0, "covered_branches": 0, "missing_branches": 0, "percent_branches_covered": 100.0, "percent_branches_covered_display": "100"}, "missing_lines": [], "excluded_lines": [], "start_line": 1, "executed_branches": [], "missing_branches": []}}, "classes": {"SmartChunker": {"executed_lines": [231, 232, 233, 234, 235, 237, 242, 243, 244, 245, 246, 247, 248, 249, 252, 253, 254, 260, 262, 264, 265, 266, 268, 269, 271, 272, 273, 275, 276, 278, 279, 281, 282, 283, 284, 285, 286, 292, 293, 295, 299, 300, 302, 304, 305, 306, 307, 310, 312, 318, 321, 323, 324, 325, 333, 334, 336, 337, 338, 339, 341, 342, 350, 352, 358, 361, 362, 364, 365, 374, 375, 377, 379, 380, 381, 383, 385, 399, 400, 403, 406, 413, 416, 419, 422], "summary": {"covered_lines": 85, "num_statements": 101, "percent_covered": 83.01886792452831, "percent_covered_display": "83", "missing_lines": 16, "excluded_lines": 0, "percent_statements_covered": 84.15841584158416, "percent_statements_covered_display": "84", "num_branches": 58, "num_partial_branches": 7, "covered_branches": 47, "missing_branches": 11, "percent_branches_covered": 81.03448275862068, "percent_branches_covered_display": "81"}, "missing_lines": [270, 297, 319, 326, 344, 345, 346, 347, 348, 359, 366, 367, 368, 369, 371, 372], "excluded_lines": [], "start_line": 186, "executed_branches": [[231, 232], [231, 233], [244, 245], [244, 249], [245, 244], [245, 246], [252, 253], [252, 254], [260, 262], [260, 264], [268, 269], [268, 284], [269, 271], [272, 273], [272, 275], [275, 276], [275, 278], [278, 279], [278, 281], [284, 285], [284, 286], [292, 293], [292, 295], [295, 299], [305, 306], [305, 312], [306, 307], [306, 310], [318, 321], [324, 325], [333, 334], [333, 336], [337, 338], [337, 352], [342, 350], [358, 361], [364, 365], [364, 379], [365, 374], [374, 375], [374, 377], [379, 380], [379, 385], [380, 381], [380, 383], [399, 400], [399, 403]], "missing_branches": [[269, 270], [295, 297], [318, 319], [324, 326], [342, 344], [346, 347], [346, 348], [358, 359], [365, 366], [367, 368], [367, 371]]}, "": {"executed_lines": [182, 183, 186, 196, 205, 225, 241, 251, 258, 288, 316, 328, 356, 389, 426], "summary": {"covered_lines": 15, "num_statements": 15, "percent_covered": 100.0, "percent_covered_display": "100", "missing_lines": 0, "excluded_lines": 0, "percent_statements_covered": 100.0, "percent_statements_covered_display": "100", "num_branches": 0, "num_partial_branches": 0, "covered_branches": 0, "missing_branches": 0, "percent_branches_covered": 100.0, "percent_branches_covered_display": "100"}, "missing_lines": [], "excluded_lines": [], "start_line": 1, "executed_branches": [], "missing_branches": []}}}, "chunking\\src\\services\\ingestion\\cleaner.py": {"executed_lines": [10, 11, 12, 13, 16, 25, 26, 31, 34, 36, 37, 42, 45, 60, 62, 63, 65, 66, 67, 72, 74, 75, 76, 77, 78, 79, 80, 81, 84, 97, 99, 102, 107, 108, 111, 112, 113, 115, 118, 120, 121, 122, 123, 124, 127, 129, 132, 138, 139, 140, 141, 142, 143, 144, 145, 146, 149, 151, 154, 156, 160, 163, 176, 177, 178, 179, 182, 201, 202, 205, 206, 207, 208, 209, 210, 212, 213, 216, 217, 218, 219, 220, 221, 222, 223, 225, 226, 228, 236, 242, 243, 244, 245, 246, 247, 248, 249, 250, 251, 252, 253, 254, 255, 256, 257, 261, 263, 264, 265, 266, 269, 286, 288, 289, 291, 292, 293, 294, 295, 296, 298, 299, 301, 302, 303, 304, 305, 307, 316, 319, 332, 333, 335, 336, 338], "summary": {"covered_lines": 135, "num_statements": 156, "percent_covered": 84.57943925233644, "percent_covered_display": "85", "missing_lines": 21, "excluded_lines": 0, "percent_statements_covered": 86.53846153846153, "percent_statements_covered_display": "87", "num_branches": 58, "num_partial_branches": 8, "covered_branches": 46, "missing_branches": 12, "percent_branches_covered": 79.3103448275862, "percent_branches_covered_display": "79"}, "missing_lines": [47, 48, 50, 51, 52, 53, 54, 55, 56, 57, 68, 69, 100, 109, 229, 258, 259, 260, 262, 334, 337], "excluded_lines": [], "executed_branches": [[99, 102], [108, 111], [112, 113], [112, 115], [141, 142], [141, 146], [142, 143], [142, 145], [177, 178], [177, 179], [201, 202], [201, 205], [206, 207], [206, 212], [207, 206], [207, 208], [209, 207], [209, 210], [217, 218], [217, 225], [218, 217], [218, 219], [220, 218], [220, 221], [222, 218], [222, 223], [228, 236], [245, 246], [245, 266], [247, 248], [247, 265], [249, 250], [249, 252], [253, 254], [253, 256], [257, 261], [261, 263], [263, 247], [263, 264], [293, 294], [293, 298], [302, 303], [302, 307], [304, 305], [333, 335], [336, 338]], "missing_branches": [[52, 53], [52, 55], [99, 100], [108, 109], [228, 229], [257, 258], [259, 257], [259, 260], [261, 262], [304, 302], [333, 334], [336, 337]], "functions": {"detect_content_type": {"executed_lines": [25, 26, 31], "summary": {"covered_lines": 3, "num_statements": 3, "percent_covered": 100.0, "percent_covered_display": "100", "missing_lines": 0, "excluded_lines": 0, "percent_statements_covered": 100.0, "percent_statements_covered_display": "100", "num_branches": 0, "num_partial_branches": 0, "covered_branches": 0, "missing_branches": 0, "percent_branches_covered": 100.0, "percent_branches_covered_display": "100"}, "missing_lines": [], "excluded_lines": [], "start_line": 16, "executed_branches": [], "missing_branches": []}, "get_extractor_label": {"executed_lines": [36, 37, 42], "summary": {"covered_lines": 3, "num_statements": 3, "percent_covered": 100.0, "percent_covered_display": "100", "missing_lines": 0, "excluded_lines": 0, "percent_statements_covered": 100.0, "percent_statements_covered_display": "100", "num_branches": 0, "num_partial_branches": 0, "covered_branches": 0, "missing_branches": 0, "percent_branches_covered": 100.0, "percent_branches_covered_display": "100"}, "missing_lines": [], "excluded_lines": [], "start_line": 34, "executed_branches": [], "missing_branches": []}, "_extract_pages_from_pdf": {"executed_lines": [], "summary": {"covered_lines": 0, "num_statements": 10, "percent_covered": 0.0, "percent_covered_display": "0", "missing_lines": 10, "excluded_lines": 0, "percent_statements_covered": 0.0, "percent_statements_covered_display": "0", "num_branches": 2, "num_partial_branches": 0, "covered_branches": 0, "missing_branches": 2, "percent_branches_covered": 0.0, "percent_branches_covered_display": "0"}, "missing_lines": [47, 48, 50, 51, 52, 53, 54, 55, 56, 57], "excluded_lines": [], "start_line": 45, "executed_branches": [], "missing_branches": [[52, 53], [52, 55]]}, "_extract_text_from_docx": {"executed_lines": [62, 63, 65, 66, 67], "summary": {"covered_lines": 5, "num_statements": 7, "percent_covered": 71.42857142857143, "percent_covered_display": "71", "missing_lines": 2, "excluded_lines": 0, "percent_statements_covered": 71.42857142857143, "percent_statements_covered_display": "71", "num_branches": 0, "num_partial_branches": 0, "covered_branches": 0, "missing_branches": 0, "percent_branches_covered": 100.0, "percent_branches_covered_display": "100"}, "missing_lines": [68, 69], "excluded_lines": [], "start_line": 60, "executed_branches": [], "missing_branches": []}, "_extract_text_from_txt": {"executed_lines": [74, 75, 76, 77, 78, 79, 80, 81], "summary": {"covered_lines": 8, "num_statements": 8, "percent_covered": 100.0, "percent_covered_display": "100", "missing_lines": 0, "excluded_lines": 0, "percent_statements_covered": 100.0, "percent_statements_covered_display": "100", "num_branches": 0, "num_partial_branches": 0, "covered_branches": 0, "missing_branches": 0, "percent_branches_covered": 100.0, "percent_branches_covered_display": "100"}, "missing_lines": [], "excluded_lines": [], "start_line": 72, "executed_branches": [], "missing_branches": []}, "extract_pages": {"executed_lines": [97, 99, 102, 107, 108, 111, 112, 113, 115], "summary": {"covered_lines": 9, "num_statements": 11, "percent_covered": 76.47058823529412, "percent_covered_display": "76", "missing_lines": 2, "excluded_lines": 0, "percent_statements_covered": 81.81818181818181, "percent_statements_covered_display": "82", "num_branches": 6, "num_partial_branches": 2, "covered_branches": 4, "missing_branches": 2, "percent_branches_covered": 66.66666666666667, "percent_branches_covered_display": "67"}, "missing_lines": [100, 109], "excluded_lines": [], "start_line": 84, "executed_branches": [[99, 102], [108, 111], [112, 113], [112, 115]], "missing_branches": [[99, 100], [108, 109]]}, "_normalize_text": {"executed_lines": [120, 121, 122, 123, 124], "summary": {"covered_lines": 5, "num_statements": 5, "percent_covered": 100.0, "percent_covered_display": "100", "missing_lines": 0, "excluded_lines": 0, "percent_statements_covered": 100.0, "percent_statements_covered_display": "100", "num_branches": 0, "num_partial_branches": 0, "covered_branches": 0, "missing_branches": 0, "percent_branches_covered": 100.0, "percent_branches_covered_display": "100"}, "missing_lines": [], "excluded_lines": [], "start_line": 118, "executed_branches": [], "missing_branches": []}, "_dehyphenate": {"executed_lines": [129], "summary": {"covered_lines": 1, "num_statements": 1, "percent_covered": 100.0, "percent_covered_display": "100", "missing_lines": 0, "excluded_lines": 0, "percent_statements_covered": 100.0, "percent_statements_covered_display": "100", "num_branches": 0, "num_partial_branches": 0, "covered_branches": 0, "missing_branches": 0, "percent_branches_covered": 100.0, "percent_branches_covered_display": "100"}, "missing_lines": [], "excluded_lines": [], "start_line": 127, "executed_branches": [], "missing_branches": []}, "_remove_standalone_page_numbers": {"executed_lines": [138, 139, 140, 141, 142, 143, 144, 145, 146], "summary": {"covered_lines": 9, "num_statements": 9, "percent_covered": 100.0, "percent_covered_display": "100", "missing_lines": 0, "excluded_lines": 0, "percent_statements_covered": 100.0, "percent_statements_covered_display": "100", "num_branches": 4, "num_partial_branches": 0, "covered_branches": 4, "missing_branches": 0, "percent_branches_covered": 100.0, "percent_branches_covered_display": "100"}, "missing_lines": [], "excluded_lines": [], "start_line": 132, "executed_branches": [[141, 142], [141, 146], [142, 143], [142, 145]], "missing_branches": []}, "_collapse_blank_lines": {"executed_lines": [151], "summary": {"covered_lines": 1, "num_statements": 1, "percent_covered": 100.0, "percent_covered_display": "100", "missing_lines": 0, "excluded_lines": 0, "percent_statements_covered": 100.0, "percent_statements_covered_display": "100", "num_branches": 0, "num_partial_branches": 0, "covered_branches": 0, "missing_branches": 0, "percent_branches_covered": 100.0, "percent_branches_covered_display": "100"}, "missing_lines": [], "excluded_lines": [], "start_line": 149, "executed_branches": [], "missing_branches": []}, "_strip_lines": {"executed_lines": [156], "summary": {"covered_lines": 1, "num_statements": 1, "percent_covered": 100.0, "percent_covered_display": "100", "missing_lines": 0, "excluded_lines": 0, "percent_statements_covered": 100.0, "percent_statements_covered_display": "100", "num_branches": 0, "num_partial_branches": 0, "covered_branches": 0, "missing_branches": 0, "percent_branches_covered": 100.0, "percent_branches_covered_display": "100"}, "missing_lines": [], "excluded_lines": [], "start_line": 154, "executed_branches": [], "missing_branches": []}, "_strip_page_marker": {"executed_lines": [176, 177, 178, 179], "summary": {"covered_lines": 4, "num_statements": 4, "percent_covered": 100.0, "percent_covered_display": "100", "missing_lines": 0, "excluded_lines": 0, "percent_statements_covered": 100.0, "percent_statements_covered_display": "100", "num_branches": 2, "num_partial_branches": 0, "covered_branches": 2, "missing_branches": 0, "percent_branches_covered": 100.0, "percent_branches_covered_display": "100"}, "missing_lines": [], "excluded_lines": [], "start_line": 163, "executed_branches": [[177, 178], [177, 179]], "missing_branches": []}, "_remove_repeated_lines": {"executed_lines": [201, 202, 205, 206, 207, 208, 209, 210, 212, 213, 216, 217, 218, 219, 220, 221, 222, 223, 225, 226, 228, 236, 242, 243, 244, 245, 246, 247, 248, 249, 250, 251, 252, 253, 254, 255, 256, 257, 261, 263, 264, 265, 266], "summary": {"covered_lines": 43, "num_statements": 48, "percent_covered": 87.8048780487805, "percent_covered_display": "88", "missing_lines": 5, "excluded_lines": 0, "percent_statements_covered": 89.58333333333333, "percent_statements_covered_display": "90", "num_branches": 34, "num_partial_branches": 3, "covered_branches": 29, "missing_branches": 5, "percent_branches_covered": 85.29411764705883, "percent_branches_covered_display": "85"}, "missing_lines": [229, 258, 259, 260, 262], "excluded_lines": [], "start_line": 182, "executed_branches": [[201, 202], [201, 205], [206, 207], [206, 212], [207, 206], [207, 208], [209, 207], [209, 210], [217, 218], [217, 225], [218, 217], [218, 219], [220, 218], [220, 221], [222, 218], [222, 223], [228, 236], [245, 246], [245, 266], [247, 248], [247, 265], [249, 250], [249, 252], [253, 254], [253, 256], [257, 261], [261, 263], [263, 247], [263, 264]], "missing_branches": [[228, 229], [257, 258], [259, 257], [259, 260], [261, 262]]}, "clean_pages": {"executed_lines": [286, 288, 289, 291, 292, 293, 294, 295, 296, 298, 299, 301, 302, 303, 304, 305, 307, 316], "summary": {"covered_lines": 18, "num_statements": 18, "percent_covered": 95.83333333333333, "percent_covered_display": "96", "missing_lines": 0, "excluded_lines": 0, "percent_statements_covered": 100.0, "percent_statements_covered_display": "100", "num_branches": 6, "num_partial_branches": 1, "covered_branches": 5, "missing_branches": 1, "percent_branches_covered": 83.33333333333333, "percent_branches_covered_display": "83"}, "missing_lines": [], "excluded_lines": [], "start_line": 269, "executed_branches": [[293, 294], [293, 298], [302, 303], [302, 307], [304, 305]], "missing_branches": [[304, 302]]}, "extract_text": {"executed_lines": [332, 333, 335, 336, 338], "summary": {"covered_lines": 5, "num_statements": 7, "percent_covered": 63.63636363636363, "percent_covered_display": "64", "missing_lines": 2, "excluded_lines": 0, "percent_statements_covered": 71.42857142857143, "percent_statements_covered_display": "71", "num_branches": 4, "num_partial_branches": 2, "covered_branches": 2, "missing_branches": 2, "percent_branches_covered": 50.0, "percent_branches_covered_display": "50"}, "missing_lines": [334, 337], "excluded_lines": [], "start_line": 319, "executed_branches": [[333, 335], [336, 338]], "missing_branches": [[333, 334], [336, 337]]}, "": {"executed_lines": [10, 11, 12, 13, 16, 34, 45, 60, 72, 84, 118, 127, 132, 149, 154, 160, 163, 182, 269, 319], "summary": {"covered_lines": 20, "num_statements": 20, "percent_covered": 100.0, "percent_covered_display": "100", "missing_lines": 0, "excluded_lines": 0, "percent_statements_covered": 100.0, "percent_statements_covered_display": "100", "num_branches": 0, "num_partial_branches": 0, "covered_branches": 0, "missing_branches": 0, "percent_branches_covered": 100.0, "percent_branches_covered_display": "100"}, "missing_lines": [], "excluded_lines": [], "start_line": 1, "executed_branches": [], "missing_branches": []}}, "classes": {"": {"executed_lines": [10, 11, 12, 13, 16, 25, 26, 31, 34, 36, 37, 42, 45, 60, 62, 63, 65, 66, 67, 72, 74, 75, 76, 77, 78, 79, 80, 81, 84, 97, 99, 102, 107, 108, 111, 112, 113, 115, 118, 120, 121, 122, 123, 124, 127, 129, 132, 138, 139, 140, 141, 142, 143, 144, 145, 146, 149, 151, 154, 156, 160, 163, 176, 177, 178, 179, 182, 201, 202, 205, 206, 207, 208, 209, 210, 212, 213, 216, 217, 218, 219, 220, 221, 222, 223, 225, 226, 228, 236, 242, 243, 244, 245, 246, 247, 248, 249, 250, 251, 252, 253, 254, 255, 256, 257, 261, 263, 264, 265, 266, 269, 286, 288, 289, 291, 292, 293, 294, 295, 296, 298, 299, 301, 302, 303, 304, 305, 307, 316, 319, 332, 333, 335, 336, 338], "summary": {"covered_lines": 135, "num_statements": 156, "percent_covered": 84.57943925233644, "percent_covered_display": "85", "missing_lines": 21, "excluded_lines": 0, "percent_statements_covered": 86.53846153846153, "percent_statements_covered_display": "87", "num_branches": 58, "num_partial_branches": 8, "covered_branches": 46, "missing_branches": 12, "percent_branches_covered": 79.3103448275862, "percent_branches_covered_display": "79"}, "missing_lines": [47, 48, 50, 51, 52, 53, 54, 55, 56, 57, 68, 69, 100, 109, 229, 258, 259, 260, 262, 334, 337], "excluded_lines": [], "start_line": 1, "executed_branches": [[99, 102], [108, 111], [112, 113], [112, 115], [141, 142], [141, 146], [142, 143], [142, 145], [177, 178], [177, 179], [201, 202], [201, 205], [206, 207], [206, 212], [207, 206], [207, 208], [209, 207], [209, 210], [217, 218], [217, 225], [218, 217], [218, 219], [220, 218], [220, 221], [222, 218], [222, 223], [228, 236], [245, 246], [245, 266], [247, 248], [247, 265], [249, 250], [249, 252], [253, 254], [253, 256], [257, 261], [261, 263], [263, 247], [263, 264], [293, 294], [293, 298], [302, 303], [302, 307], [304, 305], [333, 335], [336, 338]], "missing_branches": [[52, 53], [52, 55], [99, 100], [108, 109], [228, 229], [257, 258], [259, 257], [259, 260], [261, 262], [304, 302], [333, 334], [336, 337]]}}}, "chunking\\src\\services\\ingestion\\language_detector.py": {"executed_lines": [3, 6, 9, 18, 19, 22, 23, 24, 26, 27, 29, 32, 33, 34, 35, 37, 39, 50, 51, 52, 53, 54, 56, 59, 60, 64], "summary": {"covered_lines": 26, "num_statements": 26, "percent_covered": 100.0, "percent_covered_display": "100", "missing_lines": 0, "excluded_lines": 0, "percent_statements_covered": 100.0, "percent_statements_covered_display": "100", "num_branches": 10, "num_partial_branches": 0, "covered_branches": 10, "missing_branches": 0, "percent_branches_covered": 100.0, "percent_branches_covered_display": "100"}, "missing_lines": [], "excluded_lines": [], "executed_branches": [[18, 19], [18, 22], [26, 27], [26, 29], [32, 33], [32, 34], [34, 35], [34, 37], [51, 52], [51, 56]], "missing_branches": [], "functions": {"LanguageDetector.detect": {"executed_lines": [18, 19, 22, 23, 24, 26, 27, 29, 32, 33, 34, 35, 37], "summary": {"covered_lines": 13, "num_statements": 13, "percent_covered": 100.0, "percent_covered_display": "100", "missing_lines": 0, "excluded_lines": 0, "percent_statements_covered": 100.0, "percent_statements_covered_display": "100", "num_branches": 8, "num_partial_branches": 0, "covered_branches": 8, "missing_branches": 0, "percent_branches_covered": 100.0, "percent_branches_covered_display": "100"}, "missing_lines": [], "excluded_lines": [], "start_line": 9, "executed_branches": [[18, 19], [18, 22], [26, 27], [26, 29], [32, 33], [32, 34], [34, 35], [34, 37]], "missing_branches": []}, "LanguageDetector.detect_document": {"executed_lines": [50, 51, 52, 53, 54, 56, 59, 60], "summary": {"covered_lines": 8, "num_statements": 8, "percent_covered": 100.0, "percent_covered_display": "100", "missing_lines": 0, "excluded_lines": 0, "percent_statements_covered": 100.0, "percent_statements_covered_display": "100", "num_branches": 2, "num_partial_branches": 0, "covered_branches": 2, "missing_branches": 0, "percent_branches_covered": 100.0, "percent_branches_covered_display": "100"}, "missing_lines": [], "excluded_lines": [], "start_line": 39, "executed_branches": [[51, 52], [51, 56]], "missing_branches": []}, "": {"executed_lines": [3, 6, 9, 39, 64], "summary": {"covered_lines": 5, "num_statements": 5, "percent_covered": 100.0, "percent_covered_display": "100", "missing_lines": 0, "excluded_lines": 0, "percent_statements_covered": 100.0, "percent_statements_covered_display": "100", "num_branches": 0, "num_partial_branches": 0, "covered_branches": 0, "missing_branches": 0, "percent_branches_covered": 100.0, "percent_branches_covered_display": "100"}, "missing_lines": [], "excluded_lines": [], "start_line": 1, "executed_branches": [], "missing_branches": []}}, "classes": {"LanguageDetector": {"executed_lines": [18, 19, 22, 23, 24, 26, 27, 29, 32, 33, 34, 35, 37, 50, 51, 52, 53, 54, 56, 59, 60], "summary": {"covered_lines": 21, "num_statements": 21, "percent_covered": 100.0, "percent_covered_display": "100", "missing_lines": 0, "excluded_lines": 0, "percent_statements_covered": 100.0, "percent_statements_covered_display": "100", "num_branches": 10, "num_partial_branches": 0, "covered_branches": 10, "missing_branches": 0, "percent_branches_covered": 100.0, "percent_branches_covered_display": "100"}, "missing_lines": [], "excluded_lines": [], "start_line": 6, "executed_branches": [[18, 19], [18, 22], [26, 27], [26, 29], [32, 33], [32, 34], [34, 35], [34, 37], [51, 52], [51, 56]], "missing_branches": []}, "": {"executed_lines": [3, 6, 9, 39, 64], "summary": {"covered_lines": 5, "num_statements": 5, "percent_covered": 100.0, "percent_covered_display": "100", "missing_lines": 0, "excluded_lines": 0, "percent_statements_covered": 100.0, "percent_statements_covered_display": "100", "num_branches": 0, "num_partial_branches": 0, "covered_branches": 0, "missing_branches": 0, "percent_branches_covered": 100.0, "percent_branches_covered_display": "100"}, "missing_lines": [], "excluded_lines": [], "start_line": 1, "executed_branches": [], "missing_branches": []}}}, "chunking\\src\\services\\ingestion\\quality_filter.py": {"executed_lines": [3, 6, 9, 15, 16, 17, 19, 28, 29, 32, 33, 36, 37, 38, 41, 42, 45, 46, 48, 50, 52, 54, 56, 57, 59, 69, 70, 74], "summary": {"covered_lines": 28, "num_statements": 28, "percent_covered": 100.0, "percent_covered_display": "100", "missing_lines": 0, "excluded_lines": 0, "percent_statements_covered": 100.0, "percent_statements_covered_display": "100", "num_branches": 2, "num_partial_branches": 0, "covered_branches": 2, "missing_branches": 0, "percent_branches_covered": 100.0, "percent_branches_covered_display": "100"}, "missing_lines": [], "excluded_lines": [], "executed_branches": [[28, 29], [28, 32]], "missing_branches": [], "functions": {"QualityFilter.__init__": {"executed_lines": [15, 16, 17], "summary": {"covered_lines": 3, "num_statements": 3, "percent_covered": 100.0, "percent_covered_display": "100", "missing_lines": 0, "excluded_lines": 0, "percent_statements_covered": 100.0, "percent_statements_covered_display": "100", "num_branches": 0, "num_partial_branches": 0, "covered_branches": 0, "missing_branches": 0, "percent_branches_covered": 100.0, "percent_branches_covered_display": "100"}, "missing_lines": [], "excluded_lines": [], "start_line": 9, "executed_branches": [], "missing_branches": []}, "QualityFilter.calculate_quality_score": {"executed_lines": [28, 29, 32, 33, 36, 37, 38, 41, 42, 45, 46], "summary": {"covered_lines": 11, "num_statements": 11, "percent_covered": 100.0, "percent_covered_display": "100", "missing_lines": 0, "excluded_lines": 0, "percent_statements_covered": 100.0, "percent_statements_covered_display": "100", "num_branches": 2, "num_partial_branches": 0, "covered_branches": 2, "missing_branches": 0, "percent_branches_covered": 100.0, "percent_branches_covered_display": "100"}, "missing_lines": [], "excluded_lines": [], "start_line": 19, "executed_branches": [[28, 29], [28, 32]], "missing_branches": []}, "QualityFilter._count_domain_signals": {"executed_lines": [50, 52, 54, 56, 57], "summary": {"covered_lines": 5, "num_statements": 5, "percent_covered": 100.0, "percent_covered_display": "100", "missing_lines": 0, "excluded_lines": 0, "percent_statements_covered": 100.0, "percent_statements_covered_display": "100", "num_branches": 0, "num_partial_branches": 0, "covered_branches": 0, "missing_branches": 0, "percent_branches_covered": 100.0, "percent_branches_covered_display": "100"}, "missing_lines": [], "excluded_lines": [], "start_line": 48, "executed_branches": [], "missing_branches": []}, "QualityFilter.filter": {"executed_lines": [69, 70], "summary": {"covered_lines": 2, "num_statements": 2, "percent_covered": 100.0, "percent_covered_display": "100", "missing_lines": 0, "excluded_lines": 0, "percent_statements_covered": 100.0, "percent_statements_covered_display": "100", "num_branches": 0, "num_partial_branches": 0, "covered_branches": 0, "missing_branches": 0, "percent_branches_covered": 100.0, "percent_branches_covered_display": "100"}, "missing_lines": [], "excluded_lines": [], "start_line": 59, "executed_branches": [], "missing_branches": []}, "": {"executed_lines": [3, 6, 9, 19, 48, 59, 74], "summary": {"covered_lines": 7, "num_statements": 7, "percent_covered": 100.0, "percent_covered_display": "100", "missing_lines": 0, "excluded_lines": 0, "percent_statements_covered": 100.0, "percent_statements_covered_display": "100", "num_branches": 0, "num_partial_branches": 0, "covered_branches": 0, "missing_branches": 0, "percent_branches_covered": 100.0, "percent_branches_covered_display": "100"}, "missing_lines": [], "excluded_lines": [], "start_line": 1, "executed_branches": [], "missing_branches": []}}, "classes": {"QualityFilter": {"executed_lines": [15, 16, 17, 28, 29, 32, 33, 36, 37, 38, 41, 42, 45, 46, 50, 52, 54, 56, 57, 69, 70], "summary": {"covered_lines": 21, "num_statements": 21, "percent_covered": 100.0, "percent_covered_display": "100", "missing_lines": 0, "excluded_lines": 0, "percent_statements_covered": 100.0, "percent_statements_covered_display": "100", "num_branches": 2, "num_partial_branches": 0, "covered_branches": 2, "missing_branches": 0, "percent_branches_covered": 100.0, "percent_branches_covered_display": "100"}, "missing_lines": [], "excluded_lines": [], "start_line": 6, "executed_branches": [[28, 29], [28, 32]], "missing_branches": []}, "": {"executed_lines": [3, 6, 9, 19, 48, 59, 74], "summary": {"covered_lines": 7, "num_statements": 7, "percent_covered": 100.0, "percent_covered_display": "100", "missing_lines": 0, "excluded_lines": 0, "percent_statements_covered": 100.0, "percent_statements_covered_display": "100", "num_branches": 0, "num_partial_branches": 0, "covered_branches": 0, "missing_branches": 0, "percent_branches_covered": 100.0, "percent_branches_covered_display": "100"}, "missing_lines": [], "excluded_lines": [], "start_line": 1, "executed_branches": [], "missing_branches": []}}}, "example\\services\\security\\__init__.py": {"executed_lines": [], "summary": {"covered_lines": 0, "num_statements": 0, "percent_covered": 100.0, "percent_covered_display": "100", "missing_lines": 0, "excluded_lines": 0, "percent_statements_covered": 100.0, "percent_statements_covered_display": "100", "num_branches": 0, "num_partial_branches": 0, "covered_branches": 0, "missing_branches": 0, "percent_branches_covered": 100.0, "percent_branches_covered_display": "100"}, "missing_lines": [], "excluded_lines": [], "executed_branches": [], "missing_branches": [], "functions": {"": {"executed_lines": [], "summary": {"covered_lines": 0, "num_statements": 0, "percent_covered": 100.0, "percent_covered_display": "100", "missing_lines": 0, "excluded_lines": 0, "percent_statements_covered": 100.0, "percent_statements_covered_display": "100", "num_branches": 0, "num_partial_branches": 0, "covered_branches": 0, "missing_branches": 0, "percent_branches_covered": 100.0, "percent_branches_covered_display": "100"}, "missing_lines": [], "excluded_lines": [], "start_line": 1, "executed_branches": [], "missing_branches": []}}, "classes": {"": {"executed_lines": [], "summary": {"covered_lines": 0, "num_statements": 0, "percent_covered": 100.0, "percent_covered_display": "100", "missing_lines": 0, "excluded_lines": 0, "percent_statements_covered": 100.0, "percent_statements_covered_display": "100", "num_branches": 0, "num_partial_branches": 0, "covered_branches": 0, "missing_branches": 0, "percent_branches_covered": 100.0, "percent_branches_covered_display": "100"}, "missing_lines": [], "excluded_lines": [], "start_line": 1, "executed_branches": [], "missing_branches": []}}}, "example\\services\\security\\output_filter.py": {"executed_lines": [3, 6, 17, 19, 26, 27, 30, 40], "summary": {"covered_lines": 8, "num_statements": 8, "percent_covered": 100.0, "percent_covered_display": "100", "missing_lines": 0, "excluded_lines": 0, "percent_statements_covered": 100.0, "percent_statements_covered_display": "100", "num_branches": 0, "num_partial_branches": 0, "covered_branches": 0, "missing_branches": 0, "percent_branches_covered": 100.0, "percent_branches_covered_display": "100"}, "missing_lines": [], "excluded_lines": [], "executed_branches": [], "missing_branches": [], "functions": {"strip_answers": {"executed_lines": [17, 19, 26, 27], "summary": {"covered_lines": 4, "num_statements": 4, "percent_covered": 100.0, "percent_covered_display": "100", "missing_lines": 0, "excluded_lines": 0, "percent_statements_covered": 100.0, "percent_statements_covered_display": "100", "num_branches": 0, "num_partial_branches": 0, "covered_branches": 0, "missing_branches": 0, "percent_branches_covered": 100.0, "percent_branches_covered_display": "100"}, "missing_lines": [], "excluded_lines": [], "start_line": 6, "executed_branches": [], "missing_branches": []}, "filter_sensitive_fields": {"executed_lines": [40], "summary": {"covered_lines": 1, "num_statements": 1, "percent_covered": 100.0, "percent_covered_display": "100", "missing_lines": 0, "excluded_lines": 0, "percent_statements_covered": 100.0, "percent_statements_covered_display": "100", "num_branches": 0, "num_partial_branches": 0, "covered_branches": 0, "missing_branches": 0, "percent_branches_covered": 100.0, "percent_branches_covered_display": "100"}, "missing_lines": [], "excluded_lines": [], "start_line": 30, "executed_branches": [], "missing_branches": []}, "": {"executed_lines": [3, 6, 30], "summary": {"covered_lines": 3, "num_statements": 3, "percent_covered": 100.0, "percent_covered_display": "100", "missing_lines": 0, "excluded_lines": 0, "percent_statements_covered": 100.0, "percent_statements_covered_display": "100", "num_branches": 0, "num_partial_branches": 0, "covered_branches": 0, "missing_branches": 0, "percent_branches_covered": 100.0, "percent_branches_covered_display": "100"}, "missing_lines": [], "excluded_lines": [], "start_line": 1, "executed_branches": [], "missing_branches": []}}, "classes": {"": {"executed_lines": [3, 6, 17, 19, 26, 27, 30, 40], "summary": {"covered_lines": 8, "num_statements": 8, "percent_covered": 100.0, "percent_covered_display": "100", "missing_lines": 0, "excluded_lines": 0, "percent_statements_covered": 100.0, "percent_statements_covered_display": "100", "num_branches": 0, "num_partial_branches": 0, "covered_branches": 0, "missing_branches": 0, "percent_branches_covered": 100.0, "percent_branches_covered_display": "100"}, "missing_lines": [], "excluded_lines": [], "start_line": 1, "executed_branches": [], "missing_branches": []}}}, "example\\services\\security\\sanitization.py": {"executed_lines": [3, 7, 16, 17, 20, 30, 33, 35, 38, 47, 48, 51, 60, 61, 62, 63], "summary": {"covered_lines": 16, "num_statements": 16, "percent_covered": 100.0, "percent_covered_display": "100", "missing_lines": 0, "excluded_lines": 0, "percent_statements_covered": 100.0, "percent_statements_covered_display": "100", "num_branches": 4, "num_partial_branches": 0, "covered_branches": 4, "missing_branches": 0, "percent_branches_covered": 100.0, "percent_branches_covered_display": "100"}, "missing_lines": [], "excluded_lines": [], "executed_branches": [[60, 61], [60, 63], [61, 60], [61, 62]], "missing_branches": [], "functions": {"sanitize_input": {"executed_lines": [30, 33, 35], "summary": {"covered_lines": 3, "num_statements": 3, "percent_covered": 100.0, "percent_covered_display": "100", "missing_lines": 0, "excluded_lines": 0, "percent_statements_covered": 100.0, "percent_statements_covered_display": "100", "num_branches": 0, "num_partial_branches": 0, "covered_branches": 0, "missing_branches": 0, "percent_branches_covered": 100.0, "percent_branches_covered_display": "100"}, "missing_lines": [], "excluded_lines": [], "start_line": 20, "executed_branches": [], "missing_branches": []}, "wrap_user_content": {"executed_lines": [47, 48], "summary": {"covered_lines": 2, "num_statements": 2, "percent_covered": 100.0, "percent_covered_display": "100", "missing_lines": 0, "excluded_lines": 0, "percent_statements_covered": 100.0, "percent_statements_covered_display": "100", "num_branches": 0, "num_partial_branches": 0, "covered_branches": 0, "missing_branches": 0, "percent_branches_covered": 100.0, "percent_branches_covered_display": "100"}, "missing_lines": [], "excluded_lines": [], "start_line": 38, "executed_branches": [], "missing_branches": []}, "detect_injection_attempt": {"executed_lines": [60, 61, 62, 63], "summary": {"covered_lines": 4, "num_statements": 4, "percent_covered": 100.0, "percent_covered_display": "100", "missing_lines": 0, "excluded_lines": 0, "percent_statements_covered": 100.0, "percent_statements_covered_display": "100", "num_branches": 4, "num_partial_branches": 0, "covered_branches": 4, "missing_branches": 0, "percent_branches_covered": 100.0, "percent_branches_covered_display": "100"}, "missing_lines": [], "excluded_lines": [], "start_line": 51, "executed_branches": [[60, 61], [60, 63], [61, 60], [61, 62]], "missing_branches": []}, "": {"executed_lines": [3, 7, 16, 17, 20, 38, 51], "summary": {"covered_lines": 7, "num_statements": 7, "percent_covered": 100.0, "percent_covered_display": "100", "missing_lines": 0, "excluded_lines": 0, "percent_statements_covered": 100.0, "percent_statements_covered_display": "100", "num_branches": 0, "num_partial_branches": 0, "covered_branches": 0, "missing_branches": 0, "percent_branches_covered": 100.0, "percent_branches_covered_display": "100"}, "missing_lines": [], "excluded_lines": [], "start_line": 1, "executed_branches": [], "missing_branches": []}}, "classes": {"": {"executed_lines": [3, 7, 16, 17, 20, 30, 33, 35, 38, 47, 48, 51, 60, 61, 62, 63], "summary": {"covered_lines": 16, "num_statements": 16, "percent_covered": 100.0, "percent_covered_display": "100", "missing_lines": 0, "excluded_lines": 0, "percent_statements_covered": 100.0, "percent_statements_covered_display": "100", "num_branches": 4, "num_partial_branches": 0, "covered_branches": 4, "missing_branches": 0, "percent_branches_covered": 100.0, "percent_branches_covered_display": "100"}, "missing_lines": [], "excluded_lines": [], "start_line": 1, "executed_branches": [[60, 61], [60, 63], [61, 60], [61, 62]], "missing_branches": []}}}}, "totals": {"covered_lines": 385, "num_statements": 432, "percent_covered": 86.86006825938567, "percent_covered_display": "87", "missing_lines": 47, "excluded_lines": 2, "percent_statements_covered": 89.12037037037037, "percent_statements_covered_display": "89", "num_branches": 154, "num_partial_branches": 18, "covered_branches": 124, "missing_branches": 30, "percent_branches_covered": 80.51948051948052, "percent_branches_covered_display": "81"}}